0 verbose cli [
0 verbose cli   '/usr/bin/node',
0 verbose cli   '/usr/share/nodejs/npm/bin/npm-cli.js',
0 verbose cli   'exec',
0 verbose cli   '--',
0 verbose cli   'pug',
0 verbose cli   'index.pug'
0 verbose cli ]
1 info using npm@8.5.1
2 info using node@v12.22.9
3 timing npm:load:whichnode Completed in 1ms
4 timing config:load:defaults Completed in 1ms
5 timing config:load:file:/usr/share/nodejs/npm/npmrc Completed in 3ms
6 timing config:load:builtin Completed in 3ms
7 timing config:load:cli Completed in 1ms
8 timing config:load:env Completed in 0ms
9 timing config:load:file:/var/www/Weiber0.com/.npmrc Completed in 1ms
10 timing config:load:project Completed in 3ms
11 timing config:load:file:/home/alien/.npmrc Completed in 0ms
12 timing config:load:user Completed in 0ms
13 timing config:load:file:/etc/npmrc Completed in 0ms
14 timing config:load:global Completed in 0ms
15 timing config:load:validate Completed in 1ms
16 timing config:load:credentials Completed in 1ms
17 timing config:load:setEnvs Completed in 0ms
18 timing config:load Completed in 13ms
19 timing npm:load:configload Completed in 13ms
20 timing npm:load:setTitle Completed in 0ms
21 timing config:load:flatten Completed in 2ms
22 timing npm:load:display Completed in 4ms
23 verbose logfile /home/alien/.npm/_logs/2023-05-04T02_57_54_923Z-debug-0.log
24 timing npm:load:logFile Completed in 5ms
25 timing npm:load:timers Completed in 0ms
26 timing npm:load:configScope Completed in 0ms
27 timing npm:load Completed in 23ms
28 timing command:exec Completed in 13ms
29 verbose stack Error: could not determine executable to run
29 verbose stack     at getBinFromManifest (/usr/share/nodejs/npm/node_modules/libnpmexec/lib/get-bin-from-manifest.js:17:23)
29 verbose stack     at exec (/usr/share/nodejs/npm/node_modules/libnpmexec/lib/index.js:115:15)
29 verbose stack     at async module.exports (/usr/share/nodejs/npm/lib/cli.js:66:5)
30 verbose pkgid pug@3.0.2
31 verbose cwd /var/www/Weiber0.com
32 verbose Linux 5.10.16.3-microsoft-standard-WSL2
33 verbose argv "/usr/bin/node" "/usr/share/nodejs/npm/bin/npm-cli.js" "exec" "--" "pug" "index.pug"
34 verbose node v12.22.9
35 verbose npm  v8.5.1
36 error could not determine executable to run
37 verbose exit 1
38 timing npm Completed in 207ms
39 verbose code 1
40 error A complete log of this run can be found in:
40 error     /home/alien/.npm/_logs/2023-05-04T02_57_54_923Z-debug-0.log
