0 verbose cli [ '/usr/bin/node', '/usr/bin/npm', 'install', 'pug', '--save' ]
1 info using npm@8.5.1
2 info using node@v12.22.9
3 timing npm:load:whichnode Completed in 0ms
4 timing config:load:defaults Completed in 2ms
5 timing config:load:file:/usr/share/nodejs/npm/npmrc Completed in 3ms
6 timing config:load:builtin Completed in 3ms
7 timing config:load:cli Completed in 3ms
8 timing config:load:env Completed in 0ms
9 timing config:load:file:/var/www/Weiber0.com/.npmrc Completed in 1ms
10 timing config:load:project Completed in 4ms
11 timing config:load:file:/home/alien/.npmrc Completed in 0ms
12 timing config:load:user Completed in 0ms
13 timing config:load:file:/etc/npmrc Completed in 0ms
14 timing config:load:global Completed in 0ms
15 timing config:load:validate Completed in 0ms
16 timing config:load:credentials Completed in 0ms
17 timing config:load:setEnvs Completed in 1ms
18 timing config:load Completed in 14ms
19 timing npm:load:configload Completed in 14ms
20 timing npm:load:setTitle Completed in 1ms
21 timing config:load:flatten Completed in 3ms
22 timing npm:load:display Completed in 4ms
23 verbose logfile /home/alien/.npm/_logs/2023-05-04T02_53_09_507Z-debug-0.log
24 timing npm:load:logFile Completed in 9ms
25 timing npm:load:timers Completed in 0ms
26 timing npm:load:configScope Completed in 0ms
27 timing npm:load Completed in 29ms
28 timing arborist:ctor Completed in 1ms
29 timing arborist:ctor Completed in 0ms
30 timing idealTree:init Completed in 13ms
31 timing idealTree:userRequests Completed in 3ms
32 silly idealTree buildDeps
33 silly fetch manifest pug@*
34 http fetch GET 200 https://registry.npmjs.org/pug 169ms (cache miss)
35 silly placeDep ROOT pug@3.0.2 OK for:  want: *
36 silly fetch manifest pug-code-gen@^3.0.2
37 silly fetch manifest pug-filters@^4.0.0
38 silly fetch manifest pug-lexer@^5.0.1
39 silly fetch manifest pug-linker@^4.0.0
40 silly fetch manifest pug-load@^3.0.0
41 silly fetch manifest pug-parser@^6.0.0
42 silly fetch manifest pug-runtime@^3.0.1
43 silly fetch manifest pug-strip-comments@^2.0.0
44 http fetch GET 200 https://registry.npmjs.org/pug-code-gen 64ms (cache miss)
45 http fetch GET 200 https://registry.npmjs.org/pug-parser 138ms (cache miss)
46 http fetch GET 200 https://registry.npmjs.org/pug-runtime 138ms (cache miss)
47 http fetch GET 200 https://registry.npmjs.org/pug-filters 143ms (cache miss)
48 http fetch GET 200 https://registry.npmjs.org/pug-linker 143ms (cache miss)
49 http fetch GET 200 https://registry.npmjs.org/pug-strip-comments 140ms (cache miss)
50 http fetch GET 200 https://registry.npmjs.org/pug-load 144ms (cache miss)
51 http fetch GET 200 https://registry.npmjs.org/pug-lexer 146ms (cache miss)
52 timing idealTree:#root Completed in 330ms
53 silly placeDep ROOT pug-code-gen@3.0.2 OK for: pug@3.0.2 want: ^3.0.2
54 silly placeDep ROOT pug-filters@4.0.0 OK for: pug@3.0.2 want: ^4.0.0
55 silly placeDep ROOT pug-lexer@5.0.1 OK for: pug@3.0.2 want: ^5.0.1
56 silly placeDep ROOT pug-linker@4.0.0 OK for: pug@3.0.2 want: ^4.0.0
57 silly placeDep ROOT pug-load@3.0.0 OK for: pug@3.0.2 want: ^3.0.0
58 silly placeDep ROOT pug-parser@6.0.0 OK for: pug@3.0.2 want: ^6.0.0
59 silly placeDep ROOT pug-runtime@3.0.1 OK for: pug@3.0.2 want: ^3.0.1
60 silly placeDep ROOT pug-strip-comments@2.0.0 OK for: pug@3.0.2 want: ^2.0.0
61 silly fetch manifest constantinople@^4.0.1
62 silly fetch manifest doctypes@^1.1.0
63 silly fetch manifest js-stringify@^1.0.2
64 silly fetch manifest pug-attrs@^3.0.0
65 silly fetch manifest pug-error@^2.0.0
66 silly fetch manifest void-elements@^3.1.0
67 silly fetch manifest with@^7.0.0
68 silly fetch manifest jstransformer@1.0.0
69 silly fetch manifest pug-walk@^2.0.0
70 silly fetch manifest resolve@^1.15.1
71 silly fetch manifest character-parser@^2.2.0
72 silly fetch manifest is-expression@^4.0.0
73 silly fetch manifest object-assign@^4.1.1
74 silly fetch manifest token-stream@1.0.0
75 http fetch GET 200 https://registry.npmjs.org/doctypes 92ms (cache miss)
76 http fetch GET 200 https://registry.npmjs.org/js-stringify 95ms (cache miss)
77 http fetch GET 200 https://registry.npmjs.org/jstransformer 89ms (cache miss)
78 http fetch GET 200 https://registry.npmjs.org/constantinople 99ms (cache miss)
79 http fetch GET 200 https://registry.npmjs.org/with 93ms (cache miss)
80 http fetch GET 200 https://registry.npmjs.org/pug-error 98ms (cache miss)
81 http fetch GET 200 https://registry.npmjs.org/pug-attrs 100ms (cache miss)
82 http fetch GET 200 https://registry.npmjs.org/void-elements 96ms (cache miss)
83 http fetch GET 200 https://registry.npmjs.org/character-parser 114ms (cache miss)
84 http fetch GET 200 https://registry.npmjs.org/pug-walk 117ms (cache miss)
85 http fetch GET 200 https://registry.npmjs.org/token-stream 113ms (cache miss)
86 http fetch GET 200 https://registry.npmjs.org/object-assign 122ms (cache miss)
87 http fetch GET 200 https://registry.npmjs.org/is-expression 124ms (cache miss)
88 http fetch GET 200 https://registry.npmjs.org/resolve 132ms (cache miss)
89 timing idealTree:node_modules/pug Completed in 167ms
90 silly placeDep ROOT constantinople@4.0.1 OK for: pug-code-gen@3.0.2 want: ^4.0.1
91 silly placeDep ROOT doctypes@1.1.0 OK for: pug-code-gen@3.0.2 want: ^1.1.0
92 silly placeDep ROOT js-stringify@1.0.2 OK for: pug-code-gen@3.0.2 want: ^1.0.2
93 silly placeDep ROOT pug-attrs@3.0.0 OK for: pug-code-gen@3.0.2 want: ^3.0.0
94 silly placeDep ROOT pug-error@2.0.0 OK for: pug-code-gen@3.0.2 want: ^2.0.0
95 silly placeDep ROOT void-elements@3.1.0 OK for: pug-code-gen@3.0.2 want: ^3.1.0
96 silly placeDep ROOT with@7.0.2 OK for: pug-code-gen@3.0.2 want: ^7.0.0
97 silly fetch manifest @babel/parser@^7.6.0
98 silly fetch manifest @babel/types@^7.6.1
99 silly fetch manifest @babel/parser@^7.9.6
100 silly fetch manifest @babel/types@^7.9.6
101 silly fetch manifest assert-never@^1.2.1
102 silly fetch manifest babel-walk@3.0.0-canary-5
103 http fetch GET 200 https://registry.npmjs.org/assert-never 42ms (cache miss)
104 http fetch GET 200 https://registry.npmjs.org/babel-walk 50ms (cache miss)
105 http fetch GET 200 https://registry.npmjs.org/@babel%2ftypes 112ms (cache miss)
106 http fetch GET 200 https://registry.npmjs.org/@babel%2fparser 121ms (cache miss)
107 timing idealTree:node_modules/pug-code-gen Completed in 138ms
108 silly placeDep ROOT @babel/parser@7.21.8 OK for: constantinople@4.0.1 want: ^7.6.0
109 silly placeDep ROOT @babel/types@7.21.5 OK for: constantinople@4.0.1 want: ^7.6.1
110 silly fetch manifest @babel/helper-string-parser@^7.21.5
111 silly fetch manifest @babel/helper-validator-identifier@^7.19.1
112 silly fetch manifest to-fast-properties@^2.0.0
113 http fetch GET 200 https://registry.npmjs.org/to-fast-properties 44ms (cache miss)
114 http fetch GET 200 https://registry.npmjs.org/@babel%2fhelper-string-parser 61ms (cache miss)
115 http fetch GET 200 https://registry.npmjs.org/@babel%2fhelper-validator-identifier 59ms (cache miss)
116 timing idealTree:node_modules/constantinople Completed in 67ms
117 timing idealTree:node_modules/@babel/parser Completed in 0ms
118 silly placeDep ROOT @babel/helper-string-parser@7.21.5 OK for: @babel/types@7.21.5 want: ^7.21.5
119 silly placeDep ROOT @babel/helper-validator-identifier@7.19.1 OK for: @babel/types@7.21.5 want: ^7.19.1
120 silly placeDep ROOT to-fast-properties@2.0.0 OK for: @babel/types@7.21.5 want: ^2.0.0
121 timing idealTree:node_modules/@babel/types Completed in 18ms
122 timing idealTree:node_modules/@babel/helper-string-parser Completed in 0ms
123 timing idealTree:node_modules/@babel/helper-validator-identifier Completed in 0ms
124 timing idealTree:node_modules/doctypes Completed in 0ms
125 timing idealTree:node_modules/js-stringify Completed in 0ms
126 timing idealTree:node_modules/pug-attrs Completed in 0ms
127 timing idealTree:node_modules/pug-error Completed in 0ms
128 silly placeDep ROOT jstransformer@1.0.0 OK for: pug-filters@4.0.0 want: 1.0.0
129 silly placeDep ROOT pug-walk@2.0.0 OK for: pug-filters@4.0.0 want: ^2.0.0
130 silly placeDep ROOT resolve@1.22.2 OK for: pug-filters@4.0.0 want: ^1.15.1
131 silly fetch manifest is-promise@^2.0.0
132 silly fetch manifest promise@^7.0.1
133 silly fetch manifest is-core-module@^2.11.0
134 silly fetch manifest path-parse@^1.0.7
135 silly fetch manifest supports-preserve-symlinks-flag@^1.0.0
136 http fetch GET 200 https://registry.npmjs.org/supports-preserve-symlinks-flag 51ms (cache miss)
137 http fetch GET 200 https://registry.npmjs.org/promise 57ms (cache miss)
138 http fetch GET 200 https://registry.npmjs.org/is-core-module 57ms (cache miss)
139 http fetch GET 200 https://registry.npmjs.org/path-parse 58ms (cache miss)
140 http fetch GET 200 https://registry.npmjs.org/is-promise 60ms (cache miss)
141 timing idealTree:node_modules/pug-filters Completed in 67ms
142 silly placeDep ROOT is-promise@2.2.2 OK for: jstransformer@1.0.0 want: ^2.0.0
143 silly placeDep ROOT promise@7.3.1 OK for: jstransformer@1.0.0 want: ^7.0.1
144 silly fetch manifest asap@~2.0.3
145 http fetch GET 200 https://registry.npmjs.org/asap 41ms (cache miss)
146 timing idealTree:node_modules/jstransformer Completed in 45ms
147 timing idealTree:node_modules/is-promise Completed in 0ms
148 silly placeDep ROOT asap@2.0.6 OK for: promise@7.3.1 want: ~2.0.3
149 timing idealTree:node_modules/promise Completed in 1ms
150 timing idealTree:node_modules/asap Completed in 0ms
151 silly placeDep ROOT character-parser@2.2.0 OK for: pug-lexer@5.0.1 want: ^2.2.0
152 silly placeDep ROOT is-expression@4.0.0 OK for: pug-lexer@5.0.1 want: ^4.0.0
153 silly fetch manifest is-regex@^1.0.3
154 silly fetch manifest acorn@^7.1.1
155 http fetch GET 200 https://registry.npmjs.org/is-regex 47ms (cache miss)
156 http fetch GET 200 https://registry.npmjs.org/acorn 67ms (cache miss)
157 timing idealTree:node_modules/pug-lexer Completed in 76ms
158 silly placeDep ROOT is-regex@1.1.4 OK for: character-parser@2.2.0 want: ^1.0.3
159 silly fetch manifest call-bind@^1.0.2
160 silly fetch manifest has-tostringtag@^1.0.0
161 http fetch GET 200 https://registry.npmjs.org/call-bind 41ms (cache miss)
162 http fetch GET 200 https://registry.npmjs.org/has-tostringtag 41ms (cache miss)
163 timing idealTree:node_modules/character-parser Completed in 44ms
164 silly placeDep ROOT acorn@7.4.1 OK for: is-expression@4.0.0 want: ^7.1.1
165 silly placeDep ROOT object-assign@4.1.1 OK for: is-expression@4.0.0 want: ^4.1.1
166 timing idealTree:node_modules/is-expression Completed in 3ms
167 timing idealTree:node_modules/acorn Completed in 0ms
168 silly placeDep ROOT call-bind@1.0.2 OK for: is-regex@1.1.4 want: ^1.0.2
169 silly placeDep ROOT has-tostringtag@1.0.0 OK for: is-regex@1.1.4 want: ^1.0.0
170 silly fetch manifest function-bind@^1.1.1
171 silly fetch manifest get-intrinsic@^1.0.2
172 silly fetch manifest has-symbols@^1.0.2
173 http fetch GET 200 https://registry.npmjs.org/get-intrinsic 49ms (cache miss)
174 http fetch GET 200 https://registry.npmjs.org/function-bind 51ms (cache miss)
175 http fetch GET 200 https://registry.npmjs.org/has-symbols 50ms (cache miss)
176 timing idealTree:node_modules/is-regex Completed in 56ms
177 silly placeDep ROOT function-bind@1.1.1 OK for: call-bind@1.0.2 want: ^1.1.1
178 silly placeDep ROOT get-intrinsic@1.2.0 OK for: call-bind@1.0.2 want: ^1.0.2
179 silly fetch manifest has@^1.0.3
180 silly fetch manifest has-symbols@^1.0.3
181 http fetch GET 200 https://registry.npmjs.org/has 39ms (cache miss)
182 timing idealTree:node_modules/call-bind Completed in 42ms
183 timing idealTree:node_modules/function-bind Completed in 0ms
184 silly placeDep ROOT has@1.0.3 OK for: get-intrinsic@1.2.0 want: ^1.0.3
185 silly placeDep ROOT has-symbols@1.0.3 OK for: get-intrinsic@1.2.0 want: ^1.0.3
186 timing idealTree:node_modules/get-intrinsic Completed in 3ms
187 timing idealTree:node_modules/has Completed in 0ms
188 timing idealTree:node_modules/has-symbols Completed in 0ms
189 timing idealTree:node_modules/has-tostringtag Completed in 0ms
190 timing idealTree:node_modules/object-assign Completed in 0ms
191 timing idealTree:node_modules/pug-linker Completed in 0ms
192 timing idealTree:node_modules/pug-load Completed in 0ms
193 silly placeDep ROOT token-stream@1.0.0 OK for: pug-parser@6.0.0 want: 1.0.0
194 timing idealTree:node_modules/pug-parser Completed in 1ms
195 timing idealTree:node_modules/pug-runtime Completed in 0ms
196 timing idealTree:node_modules/pug-strip-comments Completed in 0ms
197 timing idealTree:node_modules/pug-walk Completed in 0ms
198 silly placeDep ROOT is-core-module@2.12.0 OK for: resolve@1.22.2 want: ^2.11.0
199 silly placeDep ROOT path-parse@1.0.7 OK for: resolve@1.22.2 want: ^1.0.7
200 silly placeDep ROOT supports-preserve-symlinks-flag@1.0.0 OK for: resolve@1.22.2 want: ^1.0.0
201 timing idealTree:node_modules/resolve Completed in 3ms
202 timing idealTree:node_modules/is-core-module Completed in 0ms
203 timing idealTree:node_modules/path-parse Completed in 0ms
204 timing idealTree:node_modules/supports-preserve-symlinks-flag Completed in 0ms
205 timing idealTree:node_modules/to-fast-properties Completed in 0ms
206 timing idealTree:node_modules/token-stream Completed in 0ms
207 timing idealTree:node_modules/void-elements Completed in 0ms
208 silly placeDep ROOT assert-never@1.2.1 OK for: with@7.0.2 want: ^1.2.1
209 silly placeDep ROOT babel-walk@3.0.0-canary-5 OK for: with@7.0.2 want: 3.0.0-canary-5
210 timing idealTree:node_modules/with Completed in 2ms
211 timing idealTree:node_modules/assert-never Completed in 0ms
212 timing idealTree:node_modules/babel-walk Completed in 0ms
213 timing idealTree:buildDeps Completed in 1069ms
214 timing idealTree:fixDepFlags Completed in 1ms
215 timing idealTree Completed in 1088ms
216 timing reify:loadTrees Completed in 1088ms
217 timing reify:diffTrees Completed in 2ms
218 silly reify moves {}
219 timing reify:retireShallow Completed in 0ms
220 timing reify:rollback:createSparse Completed in 0ms
221 timing reify:rollback:retireShallow Completed in 0ms
222 timing command:install Completed in 1134ms
223 verbose stack Error: EACCES: permission denied, mkdir '/var/www/Weiber0.com/node_modules'
224 verbose cwd /var/www/Weiber0.com
225 verbose Linux 5.10.16.3-microsoft-standard-WSL2
226 verbose argv "/usr/bin/node" "/usr/bin/npm" "install" "pug" "--save"
227 verbose node v12.22.9
228 verbose npm  v8.5.1
229 error code EACCES
230 error syscall mkdir
231 error path /var/www/Weiber0.com/node_modules
232 error errno -13
233 error [Error: EACCES: permission denied, mkdir '/var/www/Weiber0.com/node_modules'] {
233 error   errno: -13,
233 error   code: 'EACCES',
233 error   syscall: 'mkdir',
233 error   path: '/var/www/Weiber0.com/node_modules'
233 error }
234 error
234 error The operation was rejected by your operating system.
234 error It is likely you do not have the permissions to access this file as the current user
234 error
234 error If you believe this might be a permissions issue, please double-check the
234 error permissions of the file and its containing directories, or try running
234 error the command again as root/Administrator.
235 verbose exit -13
236 timing npm Completed in 1361ms
237 verbose unfinished npm timer reify 1683168789727
238 verbose unfinished npm timer reify:createSparse 1683168790835
239 verbose code -13
240 error A complete log of this run can be found in:
240 error     /home/alien/.npm/_logs/2023-05-04T02_53_09_507Z-debug-0.log
